<?xml version="1.0" encoding="UTF-8"?>
<!-- Generated by org.testng.reporters.JUnitReportReporter -->
<testsuite hostname="LAPTOP-RBH9H83N" failures="0" tests="1" name="mx.testng.Skandia.Acceso" time="51.297" errors="0" timestamp="2023-02-09T21:13:27 CST" skipped="0">
  <testcase classname="mx.testng.Skandia.Acceso" name="Bloqueo" time="51.297"/>
  <system-out/>
</testsuite> <!-- mx.testng.Skandia.Acceso -->
